/*C4*/SET SCHEMA PUBLIC
DELETE FROM BOOK WHERE ID=1
DELETE FROM BOOK WHERE ID=3
DELETE FROM BOOK WHERE ID=4
DELETE FROM BOOK WHERE ID=5
DELETE FROM BOOK WHERE ID=6
COMMIT
DELETE FROM ISSUE_BOOK WHERE ID=7
DELETE FROM ISSUE_BOOK WHERE ID=8
DELETE FROM ISSUE_BOOK WHERE ID=9
DELETE FROM ISSUE_BOOK WHERE ID=10
DELETE FROM ISSUE_BOOK WHERE ID=11
DELETE FROM ISSUE_BOOK WHERE ID=12
DELETE FROM ISSUE_BOOK WHERE ID=13
DELETE FROM ISSUE_BOOK WHERE ID=14
DELETE FROM ISSUE_BOOK WHERE ID=15
DELETE FROM ISSUE_BOOK WHERE ID=16
COMMIT
DELETE FROM STUDENT WHERE ID=1
DELETE FROM STUDENT WHERE ID=2
DELETE FROM STUDENT WHERE ID=3
DELETE FROM STUDENT WHERE ID=4
COMMIT
DISCONNECT
/*C5*/SET SCHEMA PUBLIC
CREATE TABLE IF NOT EXISTS book (\u000a  id INTEGER IDENTITY NOT NULL,\u000a  name varchar(45) DEFAULT NULL,\u000a  price int DEFAULT NULL)
INSERT INTO BOOK VALUES(1,'Harry Potter',99)
INSERT INTO BOOK VALUES(3,'Sisters',49)
INSERT INTO BOOK VALUES(4,'Flamingo',65)
INSERT INTO BOOK VALUES(5,'Thook',99)
INSERT INTO BOOK VALUES(6,'Crook',9)
COMMIT
CREATE TABLE IF NOT EXISTS student (\u000a  id INTEGER IDENTITY NOT NULL,\u000a  name varchar(45) DEFAULT NULL)
INSERT INTO STUDENT VALUES(1,'Aditya')
INSERT INTO STUDENT VALUES(2,'Yash')
INSERT INTO STUDENT VALUES(3,'Rupal')
INSERT INTO STUDENT VALUES(4,'Vivek')
COMMIT
CREATE TABLE IF NOT EXISTS issue_book (\u000a  id INTEGER IDENTITY NOT NULL,\u000a  student_id int DEFAULT NULL,\u000a  book_id int DEFAULT NULL)
INSERT INTO ISSUE_BOOK VALUES(7,4,5)
INSERT INTO ISSUE_BOOK VALUES(8,1,1)
INSERT INTO ISSUE_BOOK VALUES(9,2,1)
INSERT INTO ISSUE_BOOK VALUES(10,3,1)
INSERT INTO ISSUE_BOOK VALUES(11,1,1)
INSERT INTO ISSUE_BOOK VALUES(12,1,1)
INSERT INTO ISSUE_BOOK VALUES(13,1,4)
INSERT INTO ISSUE_BOOK VALUES(14,1,5)
INSERT INTO ISSUE_BOOK VALUES(15,1,6)
INSERT INTO ISSUE_BOOK VALUES(16,1,1)
COMMIT
/*C6*/SET SCHEMA PUBLIC
CREATE TABLE IF NOT EXISTS book (\u000a  id INTEGER IDENTITY NOT NULL,\u000a  name varchar(45) DEFAULT NULL,\u000a  price int DEFAULT NULL)
CREATE TABLE IF NOT EXISTS student (\u000a  id INTEGER IDENTITY NOT NULL,\u000a  name varchar(45) DEFAULT NULL)
CREATE TABLE IF NOT EXISTS issue_book (\u000a  id INTEGER IDENTITY NOT NULL,\u000a  student_id int DEFAULT NULL,\u000a  book_id int DEFAULT NULL)
INSERT INTO BOOK VALUES(8,'Harry Potter',99)
COMMIT
INSERT INTO BOOK VALUES(9,'Sisters',49)
COMMIT
INSERT INTO BOOK VALUES(10,'Flamingo',65)
COMMIT
INSERT INTO BOOK VALUES(11,'Fumes',99)
COMMIT
INSERT INTO BOOK VALUES(12,'Crook',9)
COMMIT
INSERT INTO STUDENT VALUES(6,'Aditya')
COMMIT
INSERT INTO STUDENT VALUES(7,'Yash')
COMMIT
INSERT INTO STUDENT VALUES(8,'Rupal')
COMMIT
INSERT INTO STUDENT VALUES(9,'Vivek')
COMMIT
INSERT INTO ISSUE_BOOK VALUES(19,4,5)
COMMIT
INSERT INTO ISSUE_BOOK VALUES(20,1,1)
COMMIT
INSERT INTO ISSUE_BOOK VALUES(21,2,1)
COMMIT
INSERT INTO ISSUE_BOOK VALUES(22,3,1)
COMMIT
INSERT INTO ISSUE_BOOK VALUES(23,1,1)
COMMIT
INSERT INTO ISSUE_BOOK VALUES(24,1,1)
COMMIT
INSERT INTO ISSUE_BOOK VALUES(25,1,4)
COMMIT
INSERT INTO ISSUE_BOOK VALUES(26,1,5)
COMMIT
INSERT INTO ISSUE_BOOK VALUES(27,1,6)
COMMIT
INSERT INTO ISSUE_BOOK VALUES(28,1,1)
COMMIT
/*C7*/SET SCHEMA PUBLIC
CREATE TABLE IF NOT EXISTS book (\u000a  id INTEGER IDENTITY NOT NULL,\u000a  name varchar(45) DEFAULT NULL,\u000a  price int DEFAULT NULL)
CREATE TABLE IF NOT EXISTS student (\u000a  id INTEGER IDENTITY NOT NULL,\u000a  name varchar(45) DEFAULT NULL)
CREATE TABLE IF NOT EXISTS issue_book (\u000a  id INTEGER IDENTITY NOT NULL,\u000a  student_id int DEFAULT NULL,\u000a  book_id int DEFAULT NULL)
/*C5*/DISCONNECT
/*C7*/DISCONNECT
/*C6*/DISCONNECT
/*C8*/SET SCHEMA PUBLIC
CREATE TABLE IF NOT EXISTS book (\u000a  id INTEGER IDENTITY NOT NULL,\u000a  name varchar(45) DEFAULT NULL,\u000a  price int DEFAULT NULL)
CREATE TABLE IF NOT EXISTS student (\u000a  id INTEGER IDENTITY NOT NULL,\u000a  name varchar(45) DEFAULT NULL)
CREATE TABLE IF NOT EXISTS issue_book (\u000a  id INTEGER IDENTITY NOT NULL,\u000a  student_id int DEFAULT NULL,\u000a  book_id int DEFAULT NULL)
INSERT INTO BOOK VALUES(13,'Harry Potter',99)
COMMIT
INSERT INTO BOOK VALUES(14,'Sisters',49)
COMMIT
INSERT INTO BOOK VALUES(15,'Flamingo',65)
COMMIT
INSERT INTO BOOK VALUES(16,'Fumes',99)
COMMIT
INSERT INTO BOOK VALUES(17,'Crook',9)
COMMIT
INSERT INTO STUDENT VALUES(10,'Aditya')
COMMIT
INSERT INTO STUDENT VALUES(11,'Yash')
COMMIT
INSERT INTO STUDENT VALUES(12,'Rupal')
COMMIT
INSERT INTO STUDENT VALUES(13,'Vivek')
COMMIT
INSERT INTO ISSUE_BOOK VALUES(29,4,5)
COMMIT
INSERT INTO ISSUE_BOOK VALUES(30,1,1)
COMMIT
INSERT INTO ISSUE_BOOK VALUES(31,2,1)
COMMIT
INSERT INTO ISSUE_BOOK VALUES(32,3,1)
COMMIT
INSERT INTO ISSUE_BOOK VALUES(33,1,1)
COMMIT
INSERT INTO ISSUE_BOOK VALUES(34,1,1)
COMMIT
INSERT INTO ISSUE_BOOK VALUES(35,1,4)
COMMIT
INSERT INTO ISSUE_BOOK VALUES(36,1,5)
COMMIT
INSERT INTO ISSUE_BOOK VALUES(37,1,6)
COMMIT
INSERT INTO ISSUE_BOOK VALUES(38,1,1)
COMMIT
